mode |   affinity | dist from best mode
     | (kcal/mol) | rmsd l.b.| rmsd u.b.
-----+------------+----------+----------
   1       -7.066          0          0
   2       -6.859      1.159       1.87
   3       -6.718      6.106      7.705
   4       -6.619      5.718      7.418
   5       -6.596      1.762      2.107
   6       -6.444      1.265       2.04
   7       -6.265     0.9261      1.892
   8       -6.229      2.417      4.764
   9        -6.19      1.458      2.765
  10       -6.183      1.856      3.126
  11       -6.107      2.788      5.005
  12        -6.09      5.884       7.77
  13       -6.046       4.73      6.574
  14       -5.996      1.888      3.245
  15       -5.953      2.534      4.909
  16       -5.885      1.721      3.604
  17       -5.884      5.205      7.298
  18       -5.834      5.169      7.001
  19        -5.82      1.946      3.345
  20       -5.754      1.809      2.805